<?xml version="1.0" encoding="UTF-8"?>
<coverage generated="1752599971725" clover="3.2.0">
  <project timestamp="1752599971725" name="All files">
    <metrics statements="27" coveredstatements="27" conditionals="16" coveredconditionals="14" methods="5" coveredmethods="5" elements="48" coveredelements="46" complexity="0" loc="27" ncloc="27" packages="2" files="2" classes="2"/>
    <package name="models">
      <metrics statements="2" coveredstatements="2" conditionals="0" coveredconditionals="0" methods="0" coveredmethods="0"/>
      <file name="user.model.js" path="/home/CIN/lgscss/Documents/ess-project-1/server/models/user.model.js">
        <metrics statements="2" coveredstatements="2" conditionals="0" coveredconditionals="0" methods="0" coveredmethods="0"/>
        <line num="3" count="1" type="stmt"/>
        <line num="12" count="1" type="stmt"/>
      </file>
    </package>
    <package name="services">
      <metrics statements="25" coveredstatements="25" conditionals="16" coveredconditionals="14" methods="5" coveredmethods="5"/>
      <file name="user.service.js" path="/home/CIN/lgscss/Documents/ess-project-1/server/services/user.service.js">
        <metrics statements="25" coveredstatements="25" conditionals="16" coveredconditionals="14" methods="5" coveredmethods="5"/>
        <line num="11" count="2" type="stmt"/>
        <line num="12" count="2" type="cond" truecount="2" falsecount="0"/>
        <line num="13" count="1" type="stmt"/>
        <line num="14" count="1" type="stmt"/>
        <line num="15" count="1" type="stmt"/>
        <line num="17" count="1" type="stmt"/>
        <line num="18" count="1" type="stmt"/>
        <line num="26" count="1" type="stmt"/>
        <line num="35" count="2" type="stmt"/>
        <line num="46" count="4" type="stmt"/>
        <line num="47" count="4" type="cond" truecount="2" falsecount="0"/>
        <line num="48" count="1" type="stmt"/>
        <line num="51" count="3" type="cond" truecount="4" falsecount="0"/>
        <line num="52" count="1" type="stmt"/>
        <line num="53" count="1" type="cond" truecount="1" falsecount="1"/>
        <line num="54" count="1" type="stmt"/>
        <line num="55" count="1" type="stmt"/>
        <line num="56" count="1" type="stmt"/>
        <line num="60" count="2" type="stmt"/>
        <line num="61" count="2" type="cond" truecount="2" falsecount="0"/>
        <line num="62" count="2" type="cond" truecount="1" falsecount="1"/>
        <line num="63" count="2" type="cond" truecount="2" falsecount="0"/>
        <line num="65" count="2" type="stmt"/>
        <line num="77" count="1" type="stmt"/>
        <line num="78" count="1" type="stmt"/>
      </file>
    </package>
  </project>
</coverage>
