{"/home/CIN/lgscss/Documents/ess-project-1/server/models/user.model.js": {"path":"/home/CIN/lgscss/Documents/ess-project-1/server/models/user.model.js","statementMap":{"0":{"start":{"line":3,"column":19},"end":{"line":10,"column":2}},"1":{"start":{"line":12,"column":13},"end":{"line":12,"column":47}}},"fnMap":{},"branchMap":{},"s":{"0":1,"1":1},"f":{},"b":{},"_coverageSchema":"1a1c01bbd47fc00a2c39e90264f33305004495a9","hash":"694b7bdc7798f1f5a69185bd51993f01d33563b9"}
,"/home/CIN/lgscss/Documents/ess-project-1/server/services/user.service.js": {"path":"/home/CIN/lgscss/Documents/ess-project-1/server/services/user.service.js","statementMap":{"0":{"start":{"line":11,"column":23},"end":{"line":11,"column":52}},"1":{"start":{"line":12,"column":4},"end":{"line":16,"column":5}},"2":{"start":{"line":13,"column":20},"end":{"line":13,"column":60}},"3":{"start":{"line":14,"column":6},"end":{"line":14,"column":25}},"4":{"start":{"line":15,"column":6},"end":{"line":15,"column":18}},"5":{"start":{"line":17,"column":17},"end":{"line":17,"column":61}},"6":{"start":{"line":18,"column":4},"end":{"line":18,"column":16}},"7":{"start":{"line":26,"column":4},"end":{"line":26,"column":45}},"8":{"start":{"line":35,"column":4},"end":{"line":35,"column":49}},"9":{"start":{"line":46,"column":23},"end":{"line":46,"column":46}},"10":{"start":{"line":47,"column":4},"end":{"line":49,"column":5}},"11":{"start":{"line":48,"column":6},"end":{"line":48,"column":18}},"12":{"start":{"line":51,"column":4},"end":{"line":58,"column":5}},"13":{"start":{"line":52,"column":26},"end":{"line":52,"column":55}},"14":{"start":{"line":53,"column":6},"end":{"line":57,"column":7}},"15":{"start":{"line":54,"column":22},"end":{"line":54,"column":62}},"16":{"start":{"line":55,"column":8},"end":{"line":55,"column":27}},"17":{"start":{"line":56,"column":8},"end":{"line":56,"column":20}},"18":{"start":{"line":60,"column":25},"end":{"line":60,"column":27}},"19":{"start":{"line":61,"column":4},"end":{"line":61,"column":39}},"20":{"start":{"line":61,"column":14},"end":{"line":61,"column":39}},"21":{"start":{"line":62,"column":4},"end":{"line":62,"column":42}},"22":{"start":{"line":62,"column":15},"end":{"line":62,"column":42}},"23":{"start":{"line":63,"column":4},"end":{"line":63,"column":51}},"24":{"start":{"line":63,"column":18},"end":{"line":63,"column":51}},"25":{"start":{"line":65,"column":4},"end":{"line":68,"column":27}},"26":{"start":{"line":77,"column":17},"end":{"line":77,"column":49}},"27":{"start":{"line":78,"column":4},"end":{"line":78,"column":16}}},"fnMap":{"0":{"name":"(anonymous_0)","decl":{"start":{"line":10,"column":2},"end":{"line":10,"column":3}},"loc":{"start":{"line":10,"column":53},"end":{"line":19,"column":3}},"line":10},"1":{"name":"(anonymous_1)","decl":{"start":{"line":25,"column":2},"end":{"line":25,"column":3}},"loc":{"start":{"line":25,"column":29},"end":{"line":27,"column":3}},"line":25},"2":{"name":"(anonymous_2)","decl":{"start":{"line":34,"column":2},"end":{"line":34,"column":3}},"loc":{"start":{"line":34,"column":31},"end":{"line":36,"column":3}},"line":34},"3":{"name":"(anonymous_3)","decl":{"start":{"line":45,"column":2},"end":{"line":45,"column":3}},"loc":{"start":{"line":45,"column":57},"end":{"line":69,"column":3}},"line":45},"4":{"name":"(anonymous_4)","decl":{"start":{"line":76,"column":2},"end":{"line":76,"column":3}},"loc":{"start":{"line":76,"column":30},"end":{"line":79,"column":3}},"line":76}},"branchMap":{"0":{"loc":{"start":{"line":12,"column":4},"end":{"line":16,"column":5}},"type":"if","locations":[{"start":{"line":12,"column":4},"end":{"line":16,"column":5}},{"start":{},"end":{}}],"line":12},"1":{"loc":{"start":{"line":47,"column":4},"end":{"line":49,"column":5}},"type":"if","locations":[{"start":{"line":47,"column":4},"end":{"line":49,"column":5}},{"start":{},"end":{}}],"line":47},"2":{"loc":{"start":{"line":51,"column":4},"end":{"line":58,"column":5}},"type":"if","locations":[{"start":{"line":51,"column":4},"end":{"line":58,"column":5}},{"start":{},"end":{}}],"line":51},"3":{"loc":{"start":{"line":51,"column":8},"end":{"line":51,"column":43}},"type":"binary-expr","locations":[{"start":{"line":51,"column":8},"end":{"line":51,"column":13}},{"start":{"line":51,"column":17},"end":{"line":51,"column":43}}],"line":51},"4":{"loc":{"start":{"line":53,"column":6},"end":{"line":57,"column":7}},"type":"if","locations":[{"start":{"line":53,"column":6},"end":{"line":57,"column":7}},{"start":{},"end":{}}],"line":53},"5":{"loc":{"start":{"line":61,"column":4},"end":{"line":61,"column":39}},"type":"if","locations":[{"start":{"line":61,"column":4},"end":{"line":61,"column":39}},{"start":{},"end":{}}],"line":61},"6":{"loc":{"start":{"line":62,"column":4},"end":{"line":62,"column":42}},"type":"if","locations":[{"start":{"line":62,"column":4},"end":{"line":62,"column":42}},{"start":{},"end":{}}],"line":62},"7":{"loc":{"start":{"line":63,"column":4},"end":{"line":63,"column":51}},"type":"if","locations":[{"start":{"line":63,"column":4},"end":{"line":63,"column":51}},{"start":{},"end":{}}],"line":63}},"s":{"0":2,"1":2,"2":1,"3":1,"4":1,"5":1,"6":1,"7":1,"8":2,"9":4,"10":4,"11":1,"12":3,"13":1,"14":1,"15":1,"16":1,"17":1,"18":2,"19":2,"20":1,"21":2,"22":0,"23":2,"24":1,"25":2,"26":1,"27":1},"f":{"0":2,"1":1,"2":2,"3":4,"4":1},"b":{"0":[1,1],"1":[1,3],"2":[1,2],"3":[3,1],"4":[1,0],"5":[1,1],"6":[0,2],"7":[1,1]},"_coverageSchema":"1a1c01bbd47fc00a2c39e90264f33305004495a9","hash":"c82a027202eadadb45bbdcc860f109dd733bc3e5"}
}
