TN:
SF:models/user.model.js
FNF:0
FNH:0
DA:3,1
DA:12,1
LF:2
LH:2
BRF:0
BRH:0
end_of_record
TN:
SF:services/user.service.js
FN:10,(anonymous_0)
FN:25,(anonymous_1)
FN:34,(anonymous_2)
FN:45,(anonymous_3)
FN:76,(anonymous_4)
FNF:5
FNH:5
FNDA:2,(anonymous_0)
FNDA:1,(anonymous_1)
FNDA:2,(anonymous_2)
FNDA:4,(anonymous_3)
FNDA:1,(anonymous_4)
DA:11,2
DA:12,2
DA:13,1
DA:14,1
DA:15,1
DA:17,1
DA:18,1
DA:26,1
DA:35,2
DA:46,4
DA:47,4
DA:48,1
DA:51,3
DA:52,1
DA:53,1
DA:54,1
DA:55,1
DA:56,1
DA:60,2
DA:61,2
DA:62,2
DA:63,2
DA:65,2
DA:77,1
DA:78,1
LF:25
LH:25
BRDA:12,0,0,1
BRDA:12,0,1,1
BRDA:47,1,0,1
BRDA:47,1,1,3
BRDA:51,2,0,1
BRDA:51,2,1,2
BRDA:51,3,0,3
BRDA:51,3,1,1
BRDA:53,4,0,1
BRDA:53,4,1,0
BRDA:61,5,0,1
BRDA:61,5,1,1
BRDA:62,6,0,0
BRDA:62,6,1,2
BRDA:63,7,0,1
BRDA:63,7,1,1
BRF:16
BRH:14
end_of_record
